<?xml version="1.0" encoding="UTF-8"?>
<!-- Generated by org.testng.reporters.JUnitXMLReporter -->
<testsuite hostname="ATMECSINLT-033" ignored="5" name="Default test" tests="3" failures="0" timestamp="14 Oct 2019 14:53:53 GMT" time="19.695" errors="0">
  <testcase name="productSearchScript" time="2.271" classname="com.atmecs.testscripts.ProductSearchTestScripts"/>
  <testcase name="negativesearch" time="3.214" classname="com.atmecs.testscripts.ProductSearchTestScripts"/>
  <testcase name="select" time="13.248" classname="com.atmecs.testscripts.SecondScenerio"/>
  <testcase name="@BeforeSuite intitailizeBrowser" time="0.0" classname="com.atmecs.testbase.TestBase">
    <ignored/>
  </testcase> <!-- @BeforeSuite intitailizeBrowser -->
  <testcase name="@BeforeSuite intitailizeBrowser" time="0.0" classname="com.atmecs.testbase.TestBase">
    <ignored/>
  </testcase> <!-- @BeforeSuite intitailizeBrowser -->
  <testcase name="@BeforeSuite intitailizeBrowser" time="0.0" classname="com.atmecs.testbase.TestBase">
    <ignored/>
  </testcase> <!-- @BeforeSuite intitailizeBrowser -->
  <testcase name="@BeforeSuite intitailizeBrowser" time="0.0" classname="com.atmecs.testbase.TestBase">
    <ignored/>
  </testcase> <!-- @BeforeSuite intitailizeBrowser -->
  <testcase name="@BeforeSuite intitailizeBrowser" time="0.0" classname="com.atmecs.testbase.TestBase">
    <ignored/>
  </testcase> <!-- @BeforeSuite intitailizeBrowser -->
</testsuite> <!-- Default test -->
